<?xml version="1.0" encoding="UTF-8"?>
<!-- Generated by org.testng.reporters.JUnitXMLReporter -->
<testsuite hostname="Inthiyaz" ignored="0" name="Home_Page_Test" tests="3" failures="0" timestamp="28 Dec 2021 18:39:51 GMT" time="19.416" errors="0">
  <testcase name="Verify_Home_Page_Title" time="0.221" classname="com.org.Testcases.Home_Page_Test"/>
  <testcase name="Verify_MyAccount_Dropdown" time="3.183" classname="com.org.Testcases.Home_Page_Test"/>
  <testcase name="Verify_Register" time="3.615" classname="com.org.Testcases.Home_Page_Test"/>
</testsuite> <!-- Home_Page_Test -->
