<?xml version="1.0" encoding="UTF-8"?>
<testng-results skipped="0" failed="1" ignored="0" total="6" passed="5">
  <reporter-output>
  </reporter-output>
  <suite name="Suite" duration-ms="58892" started-at="2021-12-28T18:39:32Z" finished-at="2021-12-28T18:40:31Z">
    <groups>
    </groups>
    <test name="Home_Page_Test" duration-ms="19416" started-at="2021-12-28T18:39:32Z" finished-at="2021-12-28T18:39:51Z">
      <class name="com.org.Testcases.Home_Page_Test">
        <test-method status="PASS" signature="SetUp()[pri:0, instance:com.org.Testcases.Home_Page_Test@4b9e255]" name="SetUp" is-config="true" duration-ms="7586" started-at="2021-12-29T00:09:32Z" finished-at="2021-12-29T00:09:39Z">
          <reporter-output>
          </reporter-output>
        </test-method> <!-- SetUp -->
        <test-method status="PASS" signature="Verify_Home_Page_Title()[pri:1, instance:com.org.Testcases.Home_Page_Test@4b9e255]" name="Verify_Home_Page_Title" duration-ms="221" started-at="2021-12-29T00:09:40Z" finished-at="2021-12-29T00:09:40Z">
          <reporter-output>
          </reporter-output>
        </test-method> <!-- Verify_Home_Page_Title -->
        <test-method status="PASS" signature="Verify_MyAccount_Dropdown()[pri:2, instance:com.org.Testcases.Home_Page_Test@4b9e255]" name="Verify_MyAccount_Dropdown" duration-ms="3183" started-at="2021-12-29T00:09:40Z" finished-at="2021-12-29T00:09:43Z">
          <reporter-output>
          </reporter-output>
        </test-method> <!-- Verify_MyAccount_Dropdown -->
        <test-method status="PASS" signature="Verify_Register()[pri:3, instance:com.org.Testcases.Home_Page_Test@4b9e255]" name="Verify_Register" duration-ms="3615" started-at="2021-12-29T00:09:43Z" finished-at="2021-12-29T00:09:47Z">
          <reporter-output>
          </reporter-output>
        </test-method> <!-- Verify_Register -->
        <test-method status="PASS" signature="TearDown()[pri:0, instance:com.org.Testcases.Home_Page_Test@4b9e255]" name="TearDown" is-config="true" duration-ms="4739" started-at="2021-12-29T00:09:47Z" finished-at="2021-12-29T00:09:51Z">
          <reporter-output>
          </reporter-output>
        </test-method> <!-- TearDown -->
      </class> <!-- com.org.Testcases.Home_Page_Test -->
    </test> <!-- Home_Page_Test -->
    <test name="Register_Account_Page_Test" duration-ms="38781" started-at="2021-12-28T18:39:52Z" finished-at="2021-12-28T18:40:31Z">
      <class name="com.org.Testcases.Register_Account_Page_Test">
        <test-method status="PASS" signature="SetUp()[pri:0, instance:com.org.Testcases.Register_Account_Page_Test@1188e820]" name="SetUp" is-config="true" duration-ms="4892" started-at="2021-12-29T00:09:52Z" finished-at="2021-12-29T00:09:57Z">
          <reporter-output>
          </reporter-output>
        </test-method> <!-- SetUp -->
        <test-method status="PASS" signature="Verify_Home_Page()[pri:1, instance:com.org.Testcases.Register_Account_Page_Test@1188e820]" name="Verify_Home_Page" duration-ms="5719" started-at="2021-12-29T00:09:57Z" finished-at="2021-12-29T00:10:03Z">
          <reporter-output>
          </reporter-output>
        </test-method> <!-- Verify_Home_Page -->
        <test-method status="PASS" signature="Verify_RegisterPage_URL()[pri:2, instance:com.org.Testcases.Register_Account_Page_Test@1188e820]" name="Verify_RegisterPage_URL" duration-ms="95" started-at="2021-12-29T00:10:03Z" finished-at="2021-12-29T00:10:03Z">
          <reporter-output>
          </reporter-output>
        </test-method> <!-- Verify_RegisterPage_URL -->
        <test-method status="FAIL" signature="Verify_Regidtration_Page()[pri:3, instance:com.org.Testcases.Register_Account_Page_Test@1188e820]" name="Verify_Regidtration_Page" duration-ms="23820" started-at="2021-12-29T00:10:03Z" finished-at="2021-12-29T00:10:27Z">
          <exception class="org.openqa.selenium.NoSuchElementException">
            <message>
              <![CDATA[no such element: Unable to locate element: {"method":"xpath","selector":"//*[@id="content"]/div/div/a"}
  (Session info: chrome=96.0.4664.110)
For documentation on this error, please visit: https://www.seleniumhq.org/exceptions/no_such_element.html
Build info: version: '3.141.59', revision: 'e82be7d358', time: '2018-11-14T08:17:03'
System info: host: 'INTHIYAZ', ip: '192.168.34.153', os.name: 'Windows 10', os.arch: 'amd64', os.version: '10.0', java.version: '1.8.0_202'
Driver info: org.openqa.selenium.chrome.ChromeDriver
Capabilities {acceptInsecureCerts: false, browserName: chrome, browserVersion: 96.0.4664.110, chrome: {chromedriverVersion: 96.0.4664.45 (76e4c1bb2ab46..., userDataDir: C:\Users\Admin\AppData\Loca...}, goog:chromeOptions: {debuggerAddress: localhost:56906}, javascriptEnabled: true, networkConnectionEnabled: false, pageLoadStrategy: normal, platform: WINDOWS, platformName: WINDOWS, proxy: Proxy(), setWindowRect: true, strictFileInteractability: false, timeouts: {implicit: 0, pageLoad: 300000, script: 30000}, unhandledPromptBehavior: dismiss and notify, webauthn:extension:credBlob: true, webauthn:extension:largeBlob: true, webauthn:virtualAuthenticators: true}
Session ID: a4626ddf32def6d52b4d4eea302c3022
*** Element info: {Using=xpath, value=//*[@id="content"]/div/div/a}]]>
            </message>
            <full-stacktrace>
              <![CDATA[org.openqa.selenium.NoSuchElementException: no such element: Unable to locate element: {"method":"xpath","selector":"//*[@id="content"]/div/div/a"}
  (Session info: chrome=96.0.4664.110)
For documentation on this error, please visit: https://www.seleniumhq.org/exceptions/no_such_element.html
Build info: version: '3.141.59', revision: 'e82be7d358', time: '2018-11-14T08:17:03'
System info: host: 'INTHIYAZ', ip: '192.168.34.153', os.name: 'Windows 10', os.arch: 'amd64', os.version: '10.0', java.version: '1.8.0_202'
Driver info: org.openqa.selenium.chrome.ChromeDriver
Capabilities {acceptInsecureCerts: false, browserName: chrome, browserVersion: 96.0.4664.110, chrome: {chromedriverVersion: 96.0.4664.45 (76e4c1bb2ab46..., userDataDir: C:\Users\Admin\AppData\Loca...}, goog:chromeOptions: {debuggerAddress: localhost:56906}, javascriptEnabled: true, networkConnectionEnabled: false, pageLoadStrategy: normal, platform: WINDOWS, platformName: WINDOWS, proxy: Proxy(), setWindowRect: true, strictFileInteractability: false, timeouts: {implicit: 0, pageLoad: 300000, script: 30000}, unhandledPromptBehavior: dismiss and notify, webauthn:extension:credBlob: true, webauthn:extension:largeBlob: true, webauthn:virtualAuthenticators: true}
Session ID: a4626ddf32def6d52b4d4eea302c3022
*** Element info: {Using=xpath, value=//*[@id="content"]/div/div/a}
	at sun.reflect.NativeConstructorAccessorImpl.newInstance0(Native Method)
	at sun.reflect.NativeConstructorAccessorImpl.newInstance(NativeConstructorAccessorImpl.java:62)
	at sun.reflect.DelegatingConstructorAccessorImpl.newInstance(DelegatingConstructorAccessorImpl.java:45)
	at java.lang.reflect.Constructor.newInstance(Constructor.java:423)
	at org.openqa.selenium.remote.http.W3CHttpResponseCodec.createException(W3CHttpResponseCodec.java:187)
	at org.openqa.selenium.remote.http.W3CHttpResponseCodec.decode(W3CHttpResponseCodec.java:122)
	at org.openqa.selenium.remote.http.W3CHttpResponseCodec.decode(W3CHttpResponseCodec.java:49)
	at org.openqa.selenium.remote.HttpCommandExecutor.execute(HttpCommandExecutor.java:158)
	at org.openqa.selenium.remote.service.DriverCommandExecutor.execute(DriverCommandExecutor.java:83)
	at org.openqa.selenium.remote.RemoteWebDriver.execute(RemoteWebDriver.java:552)
	at org.openqa.selenium.remote.RemoteWebDriver.findElement(RemoteWebDriver.java:323)
	at org.openqa.selenium.remote.RemoteWebDriver.findElementByXPath(RemoteWebDriver.java:428)
	at org.openqa.selenium.By$ByXPath.findElement(By.java:353)
	at org.openqa.selenium.remote.RemoteWebDriver.findElement(RemoteWebDriver.java:315)
	at org.openqa.selenium.support.pagefactory.DefaultElementLocator.findElement(DefaultElementLocator.java:69)
	at org.openqa.selenium.support.pagefactory.internal.LocatingElementHandler.invoke(LocatingElementHandler.java:38)
	at com.sun.proxy.$Proxy9.click(Unknown Source)
	at com.org.PageObjects.Register_Account_Page.ClickOn_Continue_Button2(Register_Account_Page.java:106)
	at com.org.Testcases.Register_Account_Page_Test.Verify_Regidtration_Page(Register_Account_Page_Test.java:67)
	at sun.reflect.NativeMethodAccessorImpl.invoke0(Native Method)
	at sun.reflect.NativeMethodAccessorImpl.invoke(NativeMethodAccessorImpl.java:62)
	at sun.reflect.DelegatingMethodAccessorImpl.invoke(DelegatingMethodAccessorImpl.java:43)
	at java.lang.reflect.Method.invoke(Method.java:498)
	at org.testng.internal.MethodInvocationHelper.invokeMethod(MethodInvocationHelper.java:104)
	at org.testng.internal.Invoker.invokeMethod(Invoker.java:645)
	at org.testng.internal.Invoker.invokeTestMethod(Invoker.java:851)
	at org.testng.internal.Invoker.invokeTestMethods(Invoker.java:1177)
	at org.testng.internal.TestMethodWorker.invokeTestMethods(TestMethodWorker.java:129)
	at org.testng.internal.TestMethodWorker.run(TestMethodWorker.java:112)
	at org.testng.TestRunner.privateRun(TestRunner.java:756)
	at org.testng.TestRunner.run(TestRunner.java:610)
	at org.testng.SuiteRunner.runTest(SuiteRunner.java:387)
	at org.testng.SuiteRunner.runSequentially(SuiteRunner.java:382)
	at org.testng.SuiteRunner.privateRun(SuiteRunner.java:340)
	at org.testng.SuiteRunner.run(SuiteRunner.java:289)
	at org.testng.SuiteRunnerWorker.runSuite(SuiteRunnerWorker.java:52)
	at org.testng.SuiteRunnerWorker.run(SuiteRunnerWorker.java:86)
	at org.testng.TestNG.runSuitesSequentially(TestNG.java:1293)
	at org.testng.TestNG.runSuitesLocally(TestNG.java:1218)
	at org.testng.TestNG.runSuites(TestNG.java:1133)
	at org.testng.TestNG.run(TestNG.java:1104)
	at org.testng.remote.AbstractRemoteTestNG.run(AbstractRemoteTestNG.java:132)
	at org.testng.remote.RemoteTestNG.initAndRun(RemoteTestNG.java:236)
	at org.testng.remote.RemoteTestNG.main(RemoteTestNG.java:81)
]]>
            </full-stacktrace>
          </exception> <!-- org.openqa.selenium.NoSuchElementException -->
          <reporter-output>
          </reporter-output>
        </test-method> <!-- Verify_Regidtration_Page -->
        <test-method status="PASS" signature="TearDown()[pri:0, instance:com.org.Testcases.Register_Account_Page_Test@1188e820]" name="TearDown" is-config="true" duration-ms="3903" started-at="2021-12-29T00:10:27Z" finished-at="2021-12-29T00:10:31Z">
          <reporter-output>
          </reporter-output>
        </test-method> <!-- TearDown -->
      </class> <!-- com.org.Testcases.Register_Account_Page_Test -->
    </test> <!-- Register_Account_Page_Test -->
  </suite> <!-- Suite -->
</testng-results>
