<?xml version="1.0" encoding="UTF-8"?>
<testng-results skipped="0" failed="0" ignored="0" total="2" passed="2">
  <reporter-output>
  </reporter-output>
  <suite name="Default suite" duration-ms="23136" started-at="2021-12-30T06:37:56Z" finished-at="2021-12-30T06:38:19Z">
    <groups>
    </groups>
    <test name="Default test" duration-ms="23136" started-at="2021-12-30T06:37:56Z" finished-at="2021-12-30T06:38:19Z">
      <class name="com.org.Testcases.Login_Page_Test">
        <test-method status="PASS" signature="SetUp()[pri:0, instance:com.org.Testcases.Login_Page_Test@589838eb]" name="SetUp" is-config="true" duration-ms="6547" started-at="2021-12-30T12:07:56Z" finished-at="2021-12-30T12:08:03Z">
          <reporter-output>
          </reporter-output>
        </test-method> <!-- SetUp -->
        <test-method status="PASS" signature="Verify_Home_Page()[pri:1, instance:com.org.Testcases.Login_Page_Test@589838eb]" name="Verify_Home_Page" duration-ms="5712" started-at="2021-12-30T12:08:03Z" finished-at="2021-12-30T12:08:08Z">
          <reporter-output>
          </reporter-output>
        </test-method> <!-- Verify_Home_Page -->
        <test-method status="PASS" signature="Verify_Login_Page()[pri:2, instance:com.org.Testcases.Login_Page_Test@589838eb]" name="Verify_Login_Page" duration-ms="6884" started-at="2021-12-30T12:08:08Z" finished-at="2021-12-30T12:08:15Z">
          <reporter-output>
          </reporter-output>
        </test-method> <!-- Verify_Login_Page -->
        <test-method status="PASS" signature="TearDown()[pri:0, instance:com.org.Testcases.Login_Page_Test@589838eb]" name="TearDown" is-config="true" duration-ms="3934" started-at="2021-12-30T12:08:15Z" finished-at="2021-12-30T12:08:19Z">
          <reporter-output>
          </reporter-output>
        </test-method> <!-- TearDown -->
      </class> <!-- com.org.Testcases.Login_Page_Test -->
    </test> <!-- Default test -->
  </suite> <!-- Default suite -->
</testng-results>
